<?xml version="1.0" encoding="UTF-8"?>
<!-- Generated by org.testng.reporters.JUnitReportReporter -->
<testsuite hostname="LAPTOP-JPKQA35K" failures="0" tests="1" name="SSC.ProgramBuilder.LoginTest" time="4.560" errors="0" timestamp="2024-03-03T21:14:03 IST" skipped="0">
  <testcase classname="SSC.ProgramBuilder.LoginTest" name="loginToProgramBuilderAPP" time="4.560"/>
  <system-out/>
</testsuite> <!-- SSC.ProgramBuilder.LoginTest -->
