<?xml version="1.0" encoding="UTF-8"?>
<!-- Generated by org.testng.reporters.JUnitReportReporter -->
<testsuite hostname="LAPTOP-JPKQA35K" failures="0" tests="1" name="SSC.ProgramBuilder.Login" time="2.566" errors="0" timestamp="2024-03-03T21:00:55 IST" skipped="0">
  <testcase classname="SSC.ProgramBuilder.Login" name="loginToProgramBuilderAPP" time="2.566"/>
  <system-out/>
</testsuite> <!-- SSC.ProgramBuilder.Login -->
